2021-07-28 18:17:37,582 INFO o.a.j.u.JMeterUtils: Setting Locale to en_EN
2021-07-28 18:17:37,606 INFO o.a.j.JMeter: Loading user properties from: F:\apache-jmeter-5.4.1\bin\user.properties
2021-07-28 18:17:37,607 INFO o.a.j.JMeter: Loading system properties from: F:\apache-jmeter-5.4.1\bin\system.properties
2021-07-28 18:17:37,615 INFO o.a.j.JMeter: Copyright (c) 1998-2021 The Apache Software Foundation
2021-07-28 18:17:37,616 INFO o.a.j.JMeter: Version 5.4.1
2021-07-28 18:17:37,616 INFO o.a.j.JMeter: java.version=11
2021-07-28 18:17:37,616 INFO o.a.j.JMeter: java.vm.name=OpenJDK 64-Bit Server VM
2021-07-28 18:17:37,616 INFO o.a.j.JMeter: os.name=Windows 10
2021-07-28 18:17:37,616 INFO o.a.j.JMeter: os.arch=amd64
2021-07-28 18:17:37,617 INFO o.a.j.JMeter: os.version=10.0
2021-07-28 18:17:37,617 INFO o.a.j.JMeter: file.encoding=Cp1252
2021-07-28 18:17:37,617 INFO o.a.j.JMeter: java.awt.headless=true
2021-07-28 18:17:37,617 INFO o.a.j.JMeter: Max memory     =1073741824
2021-07-28 18:17:37,617 INFO o.a.j.JMeter: Available Processors =8
2021-07-28 18:17:37,630 INFO o.a.j.JMeter: Default Locale=English (EN)
2021-07-28 18:17:37,630 INFO o.a.j.JMeter: JMeter  Locale=English (EN)
2021-07-28 18:17:37,630 INFO o.a.j.JMeter: JMeterHome=F:\apache-jmeter-5.4.1
2021-07-28 18:17:37,630 INFO o.a.j.JMeter: user.dir  =C:\Users\Shayan Saha\Desktop\ui-twitter\report
2021-07-28 18:17:37,631 INFO o.a.j.JMeter: PWD       =C:\Users\Shayan Saha\Desktop\ui-twitter\report
2021-07-28 18:17:37,632 INFO o.a.j.JMeter: IP: 172.20.10.2 Name: LAPTOP-FV16Q6HP FullName: LAPTOP-FV16Q6HP
2021-07-28 18:17:37,638 INFO o.a.j.JMeter: Setting property 'jmeter.reportgenerator.outputdir' to:'C:\Users\Shayan Saha\Desktop\ui-twitter\report\html'
2021-07-28 18:17:37,642 INFO o.a.j.s.FileServer: Default base='C:\Users\Shayan Saha\Desktop\ui-twitter\report'
2021-07-28 18:17:37,643 INFO o.a.j.s.FileServer: Set new base='C:\Users\Shayan Saha\Desktop\ui-twitter\report'
2021-07-28 18:17:37,804 INFO o.a.j.s.SaveService: Testplan (JMX) version: 2.2. Testlog (JTL) version: 2.2
2021-07-28 18:17:37,833 INFO o.a.j.s.SaveService: Using SaveService properties version 5.0
2021-07-28 18:17:37,839 INFO o.a.j.s.SaveService: Using SaveService properties file encoding UTF-8
2021-07-28 18:17:37,844 INFO o.a.j.s.SaveService: Loading file: twitter_page_health.jmx
2021-07-28 18:17:37,989 INFO o.a.j.p.h.s.HTTPSamplerBase: Parser for text/html is org.apache.jmeter.protocol.http.parser.LagartoBasedHtmlParser
2021-07-28 18:17:37,989 INFO o.a.j.p.h.s.HTTPSamplerBase: Parser for application/xhtml+xml is org.apache.jmeter.protocol.http.parser.LagartoBasedHtmlParser
2021-07-28 18:17:37,989 INFO o.a.j.p.h.s.HTTPSamplerBase: Parser for application/xml is org.apache.jmeter.protocol.http.parser.LagartoBasedHtmlParser
2021-07-28 18:17:37,989 INFO o.a.j.p.h.s.HTTPSamplerBase: Parser for text/xml is org.apache.jmeter.protocol.http.parser.LagartoBasedHtmlParser
2021-07-28 18:17:37,989 INFO o.a.j.p.h.s.HTTPSamplerBase: Parser for text/vnd.wap.wml is org.apache.jmeter.protocol.http.parser.RegexpHTMLParser
2021-07-28 18:17:37,989 INFO o.a.j.p.h.s.HTTPSamplerBase: Parser for text/css is org.apache.jmeter.protocol.http.parser.CssParser
2021-07-28 18:17:38,015 INFO o.a.j.JMeter: Creating summariser <summary>
2021-07-28 18:17:38,021 INFO o.a.j.r.d.ReportGenerator: ReportGenerator will use for Parsing the separator: ','
2021-07-28 18:17:38,021 INFO o.a.j.r.d.ReportGenerator: Will generate report at end of test from  results file: result.csv
2021-07-28 18:17:38,021 INFO o.a.j.r.d.ReportGenerator: Reading report generator properties from: F:\apache-jmeter-5.4.1\bin\reportgenerator.properties
2021-07-28 18:17:38,368 INFO o.a.j.r.d.ReportGenerator: Merging with JMeter properties
2021-07-28 18:17:38,373 INFO o.a.j.r.c.ReportGeneratorConfiguration: Property 'jmeter.reportgenerator.temp_dir' not found, using default value 'temp' instead.
2021-07-28 18:17:38,377 INFO o.a.j.r.c.ReportGeneratorConfiguration: Property 'jmeter.reportgenerator.apdex_per_transaction' not found, using default value 'null' instead.
2021-07-28 18:17:38,377 INFO o.a.j.r.c.ReportGeneratorConfiguration: apdex_per_transaction is empty, not APDEX per transaction customization
2021-07-28 18:17:38,377 INFO o.a.j.r.c.ReportGeneratorConfiguration: Property 'jmeter.reportgenerator.sample_filter' not found, using default value 'null' instead.
2021-07-28 18:17:38,377 INFO o.a.j.r.c.ReportGeneratorConfiguration: Property 'jmeter.reportgenerator.report_title' not found, using default value 'null' instead.
2021-07-28 18:17:38,377 INFO o.a.j.r.c.ReportGeneratorConfiguration: Property 'jmeter.reportgenerator.start_date' not found, using default value 'null' instead.
2021-07-28 18:17:38,377 INFO o.a.j.r.c.ReportGeneratorConfiguration: Property 'jmeter.reportgenerator.end_date' not found, using default value 'null' instead.
2021-07-28 18:17:38,377 INFO o.a.j.r.c.ReportGeneratorConfiguration: Property 'jmeter.reportgenerator.date_format' not found, using default value 'null' instead.
2021-07-28 18:17:38,381 INFO o.a.j.r.c.ReportGeneratorConfiguration: Will use date range start date: null, end date: null
2021-07-28 18:17:38,417 INFO o.a.j.r.c.ReportGeneratorConfiguration: Property 'jmeter.reportgenerator.graph.totalTPS.exclude_controllers' not found, using default value 'false' instead.
2021-07-28 18:17:38,417 INFO o.a.j.r.c.ReportGeneratorConfiguration: Property 'jmeter.reportgenerator.graph.activeThreadsOverTime.exclude_controllers' not found, using default value 'false' instead.
2021-07-28 18:17:38,418 INFO o.a.j.r.c.ReportGeneratorConfiguration: Property 'jmeter.reportgenerator.graph.timeVsThreads.exclude_controllers' not found, using default value 'false' instead.
2021-07-28 18:17:38,418 INFO o.a.j.r.c.ReportGeneratorConfiguration: Property 'jmeter.reportgenerator.graph.responseTimeDistribution.exclude_controllers' not found, using default value 'false' instead.
2021-07-28 18:17:38,418 INFO o.a.j.r.c.ReportGeneratorConfiguration: Property 'jmeter.reportgenerator.graph.transactionsPerSecond.exclude_controllers' not found, using default value 'false' instead.
2021-07-28 18:17:38,418 INFO o.a.j.r.c.ReportGeneratorConfiguration: Property 'jmeter.reportgenerator.graph.responseTimePercentiles.exclude_controllers' not found, using default value 'false' instead.
2021-07-28 18:17:38,418 INFO o.a.j.r.c.ReportGeneratorConfiguration: Property 'jmeter.reportgenerator.graph.responseTimePercentilesOverTime.exclude_controllers' not found, using default value 'false' instead.
2021-07-28 18:17:38,418 INFO o.a.j.r.c.ReportGeneratorConfiguration: Property 'jmeter.reportgenerator.graph.responseTimesOverTime.exclude_controllers' not found, using default value 'false' instead.
2021-07-28 18:17:38,419 INFO o.a.j.r.c.ReportGeneratorConfiguration: Property 'jmeter.reportgenerator.graph.connectTimeOverTime.exclude_controllers' not found, using default value 'false' instead.
2021-07-28 18:17:38,419 INFO o.a.j.r.c.ReportGeneratorConfiguration: Property 'jmeter.reportgenerator.graph.latenciesOverTime.exclude_controllers' not found, using default value 'false' instead.
2021-07-28 18:17:38,420 INFO o.a.j.r.c.ReportGeneratorConfiguration: Property 'jmeter.reportgenerator.exporter.json.filters_only_sample_series' not found, using default value 'true' instead.
2021-07-28 18:17:38,420 INFO o.a.j.r.c.ReportGeneratorConfiguration: Property 'jmeter.reportgenerator.exporter.json.series_filter' not found, using default value '' instead.
2021-07-28 18:17:38,420 INFO o.a.j.r.c.ReportGeneratorConfiguration: Property 'jmeter.reportgenerator.exporter.json.show_controllers_only' not found, using default value 'false' instead.
2021-07-28 18:17:38,421 INFO o.a.j.r.c.ReportGeneratorConfiguration: Property 'jmeter.reportgenerator.exporter.html.filters_only_sample_series' not found, using default value 'true' instead.
2021-07-28 18:17:38,421 INFO o.a.j.r.c.ReportGeneratorConfiguration: Property 'jmeter.reportgenerator.exporter.html.series_filter' not found, using default value '' instead.
2021-07-28 18:17:38,421 INFO o.a.j.r.c.ReportGeneratorConfiguration: Property 'jmeter.reportgenerator.exporter.html.show_controllers_only' not found, using default value 'false' instead.
2021-07-28 18:17:38,428 INFO o.a.j.e.StandardJMeterEngine: Running the test!
2021-07-28 18:17:38,429 INFO o.a.j.s.SampleEvent: List of sample_variables: []
2021-07-28 18:17:38,430 INFO o.a.j.s.SampleEvent: List of sample_variables: []
2021-07-28 18:17:38,439 INFO o.a.j.e.u.CompoundVariable: Note: Function class names must contain the string: '.functions.'
2021-07-28 18:17:38,439 INFO o.a.j.e.u.CompoundVariable: Note: Function class names must not contain the string: '.gui.'
2021-07-28 18:17:38,882 INFO o.a.j.JMeter: Running test (1627476458882)
2021-07-28 18:17:38,908 INFO o.a.j.e.StandardJMeterEngine: Starting ThreadGroup: 1 : Thread Group
2021-07-28 18:17:38,908 INFO o.a.j.e.StandardJMeterEngine: Starting 5 threads for group Thread Group.
2021-07-28 18:17:38,908 INFO o.a.j.e.StandardJMeterEngine: Thread will continue on error
2021-07-28 18:17:38,908 INFO o.a.j.t.ThreadGroup: Starting thread group... number=1 threads=5 ramp-up=5 delayedStart=false
2021-07-28 18:17:38,925 INFO o.a.j.t.ThreadGroup: Started thread group number 1
2021-07-28 18:17:38,925 INFO o.a.j.e.StandardJMeterEngine: All thread groups have been started
2021-07-28 18:17:38,933 INFO o.a.j.t.JMeterThread: Thread started: Thread Group 1-1
2021-07-28 18:17:38,962 INFO o.a.j.p.h.s.HTTPHCAbstractImpl: Local host = LAPTOP-FV16Q6HP
2021-07-28 18:17:38,972 INFO o.a.j.p.h.s.HTTPHC4Impl: HTTP request retry count = 0
2021-07-28 18:17:38,974 INFO o.a.j.s.SampleResult: Note: Sample TimeStamps are START times
2021-07-28 18:17:38,974 INFO o.a.j.s.SampleResult: sampleresult.default.encoding is set to ISO-8859-1
2021-07-28 18:17:38,974 INFO o.a.j.s.SampleResult: sampleresult.useNanoTime=true
2021-07-28 18:17:38,975 INFO o.a.j.s.SampleResult: sampleresult.nanoThreadSleep=5000
2021-07-28 18:17:39,071 INFO o.a.j.p.h.s.h.LazyLayeredConnectionSocketFactory: Setting up HTTPS TrustAll Socket Factory
2021-07-28 18:17:39,076 INFO o.a.j.u.JsseSSLManager: Using default SSL protocol: TLS
2021-07-28 18:17:39,077 INFO o.a.j.u.JsseSSLManager: SSL session context: per-thread
2021-07-28 18:17:39,342 INFO o.a.j.u.SSLManager: JmeterKeyStore Location:  type JKS
2021-07-28 18:17:39,346 INFO o.a.j.u.SSLManager: KeyStore created OK
2021-07-28 18:17:39,346 WARN o.a.j.u.SSLManager: Keystore file not found, loading empty keystore
2021-07-28 18:17:39,928 INFO o.a.j.t.JMeterThread: Thread started: Thread Group 1-2
2021-07-28 18:17:40,730 INFO o.a.j.t.JMeterThread: Thread is done: Thread Group 1-1
2021-07-28 18:17:40,730 INFO o.a.j.t.JMeterThread: Thread finished: Thread Group 1-1
2021-07-28 18:17:40,926 INFO o.a.j.t.JMeterThread: Thread started: Thread Group 1-3
2021-07-28 18:17:41,373 INFO o.a.j.t.JMeterThread: Thread is done: Thread Group 1-2
2021-07-28 18:17:41,374 INFO o.a.j.t.JMeterThread: Thread finished: Thread Group 1-2
2021-07-28 18:17:41,939 INFO o.a.j.t.JMeterThread: Thread started: Thread Group 1-4
2021-07-28 18:17:42,366 INFO o.a.j.t.JMeterThread: Thread is done: Thread Group 1-3
2021-07-28 18:17:42,366 INFO o.a.j.t.JMeterThread: Thread finished: Thread Group 1-3
2021-07-28 18:17:42,918 INFO o.a.j.t.JMeterThread: Thread started: Thread Group 1-5
2021-07-28 18:17:43,346 INFO o.a.j.t.JMeterThread: Thread is done: Thread Group 1-4
2021-07-28 18:17:43,346 INFO o.a.j.t.JMeterThread: Thread finished: Thread Group 1-4
2021-07-28 18:17:44,058 INFO o.a.j.t.JMeterThread: Thread is done: Thread Group 1-5
2021-07-28 18:17:44,058 INFO o.a.j.t.JMeterThread: Thread finished: Thread Group 1-5
2021-07-28 18:17:44,059 INFO o.a.j.e.StandardJMeterEngine: Notifying test listeners of end of test
2021-07-28 18:17:44,061 INFO o.a.j.r.Summariser: summary =      5 in 00:00:05 =    1.0/s Avg:  1420 Min:  1139 Max:  1678 Err:     0 (0.00%)
2021-07-28 18:17:44,062 INFO o.a.j.JMeter: Generating Dashboard
2021-07-28 18:17:44,062 INFO o.a.j.r.d.ReportGenerator: Flushing result collector before report Generation
2021-07-28 18:17:44,086 INFO o.a.j.r.p.NormalizerSampleConsumer: Using format, 'ms', to parse timeStamp field
2021-07-28 18:17:44,235 INFO o.a.j.r.p.AbstractSampleConsumer: class org.apache.jmeter.report.processor.AggregateConsumer#stopProducing(): beginDate produced 0 samples
2021-07-28 18:17:44,236 INFO o.a.j.r.p.AbstractSampleConsumer: class org.apache.jmeter.report.processor.AggregateConsumer#stopProducing(): endDate produced 0 samples
2021-07-28 18:17:44,240 INFO o.a.j.r.p.AbstractSampleConsumer: class org.apache.jmeter.report.processor.ApdexSummaryConsumer#stopProducing(): apdexSummary produced 0 samples
2021-07-28 18:17:44,240 INFO o.a.j.r.p.AbstractSampleConsumer: class org.apache.jmeter.report.processor.RequestsSummaryConsumer#stopProducing(): requestsSummary produced 0 samples
2021-07-28 18:17:44,264 INFO o.a.j.r.p.AbstractSampleConsumer: class org.apache.jmeter.report.processor.StatisticsSummaryConsumer#stopProducing(): statisticsSummary produced 0 samples
2021-07-28 18:17:44,266 INFO o.a.j.r.p.AbstractSampleConsumer: class org.apache.jmeter.report.processor.Top5ErrorsBySamplerConsumer#stopProducing(): top5ErrorsBySampler produced 0 samples
2021-07-28 18:17:44,266 INFO o.a.j.r.p.AbstractSampleConsumer: class org.apache.jmeter.report.processor.ErrorsSummaryConsumer#stopProducing(): errorsSummary produced 0 samples
2021-07-28 18:17:44,266 INFO o.a.j.r.p.AbstractSampleConsumer: class org.apache.jmeter.report.processor.graph.impl.HitsPerSecondGraphConsumer#stopProducing(): hitsPerSecond produced 0 samples
2021-07-28 18:17:44,324 INFO o.a.j.r.p.AbstractSampleConsumer: class org.apache.jmeter.report.processor.graph.impl.LatencyVSRequestGraphConsumer#stopProducing(): latencyVsRequest produced 0 samples
2021-07-28 18:17:44,325 INFO o.a.j.r.p.AbstractSampleConsumer: class org.apache.jmeter.report.processor.graph.impl.SyntheticResponseTimeDistributionGraphConsumer#stopProducing(): syntheticResponseTimeDistribution produced 0 samples
2021-07-28 18:17:44,327 INFO o.a.j.r.p.AbstractSampleConsumer: class org.apache.jmeter.report.processor.graph.impl.BytesThroughputGraphConsumer#stopProducing(): bytesThroughputOverTime produced 0 samples
2021-07-28 18:17:44,328 INFO o.a.j.r.p.AbstractSampleConsumer: class org.apache.jmeter.report.processor.graph.impl.CodesPerSecondGraphConsumer#stopProducing(): codesPerSecond produced 0 samples
2021-07-28 18:17:44,357 INFO o.a.j.r.p.AbstractSampleConsumer: class org.apache.jmeter.report.processor.graph.impl.ResponseTimeVSRequestGraphConsumer#stopProducing(): responseTimeVsRequest produced 0 samples
2021-07-28 18:17:44,357 INFO o.a.j.r.p.AbstractSampleConsumer: class org.apache.jmeter.report.processor.FilterConsumer#stopProducing(): startIntervalControlerFilter produced 35 samples
2021-07-28 18:17:44,358 INFO o.a.j.r.p.AbstractSampleConsumer: class org.apache.jmeter.report.processor.graph.impl.TotalTPSGraphConsumer#stopProducing(): totalTPS produced 0 samples
2021-07-28 18:17:44,358 INFO o.a.j.r.p.AbstractSampleConsumer: class org.apache.jmeter.report.processor.graph.impl.ActiveThreadsGraphConsumer#stopProducing(): activeThreadsOverTime produced 0 samples
2021-07-28 18:17:44,359 INFO o.a.j.r.p.AbstractSampleConsumer: class org.apache.jmeter.report.processor.graph.impl.TimeVSThreadGraphConsumer#stopProducing(): timeVsThreads produced 0 samples
2021-07-28 18:17:44,359 INFO o.a.j.r.p.AbstractSampleConsumer: class org.apache.jmeter.report.processor.graph.impl.ResponseTimeDistributionGraphConsumer#stopProducing(): responseTimeDistribution produced 0 samples
2021-07-28 18:17:44,360 INFO o.a.j.r.p.AbstractSampleConsumer: class org.apache.jmeter.report.processor.graph.impl.TransactionsPerSecondGraphConsumer#stopProducing(): transactionsPerSecond produced 0 samples
2021-07-28 18:17:44,360 INFO o.a.j.r.p.AbstractSampleConsumer: class org.apache.jmeter.report.processor.graph.impl.ResponseTimePercentilesGraphConsumer#stopProducing(): responseTimePercentiles produced 0 samples
2021-07-28 18:17:44,361 INFO o.a.j.r.p.AbstractSampleConsumer: class org.apache.jmeter.report.processor.graph.impl.ResponseTimePercentilesOverTimeGraphConsumer#stopProducing(): responseTimePercentilesOverTime produced 0 samples
2021-07-28 18:17:44,362 INFO o.a.j.r.p.AbstractSampleConsumer: class org.apache.jmeter.report.processor.graph.impl.ResponseTimeOverTimeGraphConsumer#stopProducing(): responseTimesOverTime produced 0 samples
2021-07-28 18:17:44,362 INFO o.a.j.r.p.AbstractSampleConsumer: class org.apache.jmeter.report.processor.graph.impl.ConnectTimeOverTimeGraphConsumer#stopProducing(): connectTimeOverTime produced 0 samples
2021-07-28 18:17:44,362 INFO o.a.j.r.p.AbstractSampleConsumer: class org.apache.jmeter.report.processor.graph.impl.LatencyOverTimeGraphConsumer#stopProducing(): latenciesOverTime produced 0 samples
2021-07-28 18:17:44,362 INFO o.a.j.r.p.AbstractSampleConsumer: class org.apache.jmeter.report.processor.FilterConsumer#stopProducing(): nameFilter produced 75 samples
2021-07-28 18:17:44,362 INFO o.a.j.r.p.AbstractSampleConsumer: class org.apache.jmeter.report.processor.FilterConsumer#stopProducing(): dateRangeFilter produced 15 samples
2021-07-28 18:17:44,362 INFO o.a.j.r.p.AbstractSampleConsumer: class org.apache.jmeter.report.processor.NormalizerSampleConsumer#stopProducing(): normalizer produced 5 samples
2021-07-28 18:17:44,363 INFO o.a.j.r.p.CsvFileSampleSource: produce(): 5 samples produced in 246ms on channel 0
2021-07-28 18:17:44,363 INFO o.a.j.r.d.ReportGenerator: Exporting data using exporter:'json' of className:'org.apache.jmeter.report.dashboard.JsonExporter'
2021-07-28 18:17:44,523 INFO o.a.j.r.d.JsonExporter: Found data for consumer statisticsSummary in context
2021-07-28 18:17:44,523 INFO o.a.j.r.d.JsonExporter: Creating statistics for overall
2021-07-28 18:17:44,524 INFO o.a.j.r.d.JsonExporter: Creating statistics for other transactions
2021-07-28 18:17:44,524 INFO o.a.j.r.d.JsonExporter: Checking output folder
2021-07-28 18:17:44,525 INFO o.a.j.r.d.JsonExporter: Writing statistics JSON to C:\Users\Shayan Saha\Desktop\ui-twitter\report\html\statistics.json
2021-07-28 18:17:44,570 INFO o.a.j.r.d.ReportGenerator: Exporting data using exporter:'html' of className:'org.apache.jmeter.report.dashboard.HtmlTemplateExporter'
2021-07-28 18:17:44,573 INFO o.a.j.r.d.HtmlTemplateExporter: Will generate dashboard in folder: C:\Users\Shayan Saha\Desktop\ui-twitter\report\html
2021-07-28 18:17:44,858 INFO o.a.j.r.d.HtmlTemplateExporter: Report will be generated in: C:\Users\Shayan Saha\Desktop\ui-twitter\report\html, creating folder structure
2021-07-28 18:17:44,874 INFO o.a.j.r.d.TemplateVisitor: Copying folder from 'F:\apache-jmeter-5.4.1\bin\report-template' to 'C:\Users\Shayan Saha\Desktop\ui-twitter\report\html', got message: C:\Users\Shayan Saha\Desktop\ui-twitter\report\html, found non empty folder with following content [C:\Users\Shayan Saha\Desktop\ui-twitter\report\html\statistics.json], will be ignored
2021-07-28 18:17:48,567 INFO o.a.j.JMeter: Dashboard generated
