1628266229713	geckodriver	INFO	Listening on 127.0.0.1:63340
1628266232759	mozrunner::runner	INFO	Running command: "C:\\Program Files\\Mozilla Firefox\\firefox.exe" "--marionette" "-foreground" "-no-remote" "-profile" "C:\\Users\\SHAYAN~1\\AppData\\Local\\Temp\\rust_mozprofiledtURRL"
1628266233561	Marionette	INFO	Marionette enabled
console.warn: SearchSettings: "get: No settings file exists, new profile?" (new NotFoundError("Could not open the file at C:\\Users\\Shayan Saha\\AppData\\Local\\Temp\\rust_mozprofiledtURRL\\search.json.mozlz4", (void 0)))
1628266237401	Marionette	INFO	Listening on port 52485
1628266237562	Marionette	WARN	TLS certificate errors will be ignored for this session
1628266517763	Marionette	INFO	Stopped listening on port 52485
8266279017	mozrunner::runner	INFO	Running command: "C:\\Program Files\\Mozilla Firefox\\firefox.exe" "--marionette" "-foreground" "-no-remote" "-profile" "C:\\Users\\SHAYAN~1\\AppData\\Local\\Temp\\rust_mozprofileD7wE6L"
1628266279600	Marionette	INFO	Marionette enabled
console.warn: SearchSettings: "get: No settings file exists, new profile?" (new NotFoundError("Could not open the file at C:\\Users\\Shayan Saha\\AppData\\Local\\Temp\\rust_mozprofileD7wE6L\\search.json.mozlz4", (void 0)))
1628266283375	Marionette	INFO	Listening on port 58636
1628266283815	Marionette	WARN	TLS certificate errors will be ignored for this session
console.error: Region.jsm: "Error fetching region" (new Error("TIMEOUT", "resource://gre/modules/Region.jsm", 772))
console.error: Region.jsm: "Failed to fetch region" (new Error("TIMEOUT", "resource://gre/modules/Region.jsm", 419))
1628266514706	Marionette	INFO	Stopped listening on port 58636

###!!! [Child][RunMessage] Error: Channel closing: too late to send/recv, messages will be lost

"--marionette" "-foreground" "-no-remote" "-profile" "C:\\Users\\SHAYAN~1\\AppData\\Local\\Temp\\rust_mozprofileKcBbpF"
1628266451518	Marionette	INFO	Marionette enabled
console.warn: SearchSettings: "get: No settings file exists, new profile?" (new NotFoundError("Could not open the file at C:\\Users\\Shayan Saha\\AppData\\Local\\Temp\\rust_mozprofileKcBbpF\\search.json.mozlz4", (void 0)))
1628266455133	Marionette	INFO	Listening on port 55993
1628266455255	Marionette	WARN	TLS certificate errors will be ignored for this session
console.error: Region.jsm: "Error fetching region" (new Error("TIMEOUT", "resource://gre/modules/Region.jsm", 772))
console.error: Region.jsm: "Failed to fetch region" (new Error("TIMEOUT", "resource://gre/modules/Region.jsm", 419))
1628266477665	Marionette	INFO	Stopped listening on port 55993

###!!! [Child][RunMessage] Error: Channel closing: too late to send/recv, messages will be lost

1628266524040	geckodriver	INFO	Listening on 127.0.0.1:61990
1628266527082	mozrunner::runner	INFO	Running command: "C:\\Program Files\\Mozilla Firefox\\firefox.exe" "--marionette" "-foreground" "-no-remote" "-profile" "C:\\Users\\SHAYAN~1\\AppData\\Local\\Temp\\rust_mozprofilejaNdEP"
1628266527710	Marionette	INFO	Marionette enabled
console.warn: SearchSettings: "get: No settings file exists, new profile?" (new NotFoundError("Could not open the file at C:\\Users\\Shayan Saha\\AppData\\Local\\Temp\\rust_mozprofilejaNdEP\\search.json.mozlz4", (void 0)))
1628266531627	Marionette	INFO	Listening on port 53222
1628266532007	Marionette	WARN	TLS certificate errors will be ignored for this session
1628266551597	Marionette	INFO	Stopped listening on port 53222

###!!! [Child][RunMessage] Error: Channel closing: too late to send/recv, messages will be lost


###!!! [Child][RunMessage] Error: Channel closing: too late to send/recv, messages will be lost


###!!! [Child][RunMessage] Error: Channel closing: too late to send/recv, messages will be lost

1628266626879	geckodriver	INFO	Listening on 127.0.0.1:53157
1628266629922	mozrunner::runner	INFO	Running command: "C:\\Program Files\\Mozilla Firefox\\firefox.exe" "--marionette" "-foreground" "-no-remote" "-profile" "C:\\Users\\SHAYAN~1\\AppData\\Local\\Temp\\rust_mozprofileeJkKrR"
1628266630441	Marionette	INFO	Marionette enabled
console.warn: SearchSettings: "get: No settings file exists, new profile?" (new NotFoundError("Could not open the file at C:\\Users\\Shayan Saha\\AppData\\Local\\Temp\\rust_mozprofileeJkKrR\\search.json.mozlz4", (void 0)))
1628266634196	Marionette	INFO	Listening on port 52703
1628266634724	Marionette	WARN	TLS certificate errors will be ignored for this session
1628266647369	Marionette	INFO	Stopped listening on port 52703

###!!! [Child][RunMessage] Error: Channel closing: too late to send/recv, messages will be lost

1628266754324	geckodriver	INFO	Listening on 127.0.0.1:60124
1628266757349	mozrunner::runner	INFO	Running command: "C:\\Program Files\\Mozilla Firefox\\firefox.exe" "--marionette" "-foreground" "-no-remote" "-profile" "C:\\Users\\SHAYAN~1\\AppData\\Local\\Temp\\rust_mozprofileq3XXHq"
1628266757931	Marionette	INFO	Marionette enabled
console.warn: SearchSettings: "get: No settings file exists, new profile?" (new NotFoundError("Could not open the file at C:\\Users\\Shayan Saha\\AppData\\Local\\Temp\\rust_mozprofileq3XXHq\\search.json.mozlz4", (void 0)))
1628266761546	Marionette	INFO	Listening on port 63139
1628266761659	Marionette	WARN	TLS certificate errors will be ignored for this session
1628266774644	Marionette	INFO	Stopped listening on port 63139

###!!! [Child][MessageChannel] Error: (msgtype=0x590008,name=PHttpChannel::Msg_DeletingChannel) Channel closing: too late to send/recv, messages will be lost


###!!! [Child][MessageChannel] Error: (msgtype=0x590008,name=PHttpChannel::Msg_DeletingChannel) Channel closing: too late to send/recv, messages will be lost


###!!! [Child][MessageChannel] Error: (msgtype=0x590008,name=PHttpChannel::Msg_DeletingChannel) Channel closing: too late to send/recv, messages will be lost


###!!! [Child][MessageChannel] Error: (msgtype=0x590004,name=PHttpChannel::Msg_Cancel) Channel closing: too late to send/recv, messages will be lost


###!!! [Child][MessageChannel] Error: (msgtype=0x590008,name=PHttpChannel::Msg_DeletingChannel) Channel closing: too late to send/recv, messages will be lost


###!!! [Child][MessageChannel] Error: (msgtype=0x590004,name=PHttpChannel::Msg_Cancel) Channel closing: too late to send/recv, messages will be lost


###!!! [Child][MessageChannel] Error: (msgtype=0x590008,name=PHttpChannel::Msg_DeletingChannel) Channel closing: too late to send/recv, messages will be lost


###!!! [Parent][MessageChannel] Error: (msgtype=0x390079,name=PContent::Msg_DestroyBrowsingContextGroup) Closed channel: cannot send/recv


###!!! [Child][MessageChannel] Error: (msgtype=0x590004,name=PHttpChannel::Msg_Cancel) Channel closing: too late to send/recv, messages will be lost


###!!! [Child][MessageChannel] Error: (msgtype=0x590008,name=PHttpChannel::Msg_DeletingChannel) Channel closing: too late to send/recv, messages will be lost


###!!! [Child][MessageChannel] Error: (msgtype=0x590004,name=PHttpChannel::Msg_Cancel) Channel closing: too late to send/recv, messages will be lost


###!!! [Child][MessageChannel] Error: (msgtype=0x590008,name=PHttpChannel::Msg_DeletingChannel) Channel closing: too late to send/recv, messages will be lost


###!!! [Child][MessageChannel] Error: (msgtype=0x590004,name=PHttpChannel::Msg_Cancel) Channel closing: too late to send/recv, messages will be lost


###!!! [Child][MessageChannel] Error: (msgtype=0x590008,name=PHttpChannel::Msg_DeletingChannel) Channel closing: too late to send/recv, messages will be lost


###!!! [Child][RunMessage] Error: Channel closing: too late to send/recv, messages will be lost


###!!! [Child][RunMessage] Error: Channel closing: too late to send/recv, messages will be lost


###!!! [Child][RunMessage] Error: Channel closing: too late to send/recv, messages will be lost


###!!! [Child][RunMessage] Error: Channel closing: too late to send/recv, messages will be lost


###!!! [Child][RunMessage] Error: Channel closing: too late to send/recv, messages will be lost


###!!! [Child][MessageChannel] Error: (msgtype=0x23002E,name=PBrowser::Msg___delete__) Channel closing: too late to send/recv, messages will be lost


###!!! [Child][RunMessage] Error: Channel closing: too late to send/recv, messages will be lost


###!!! [Child][RunMessage] Error: Channel closing: too late to send/recv, messages will be lost


###!!! [Child][RunMessage] Error: Channel closing: too late to send/recv, messages will be lost


###!!! [Child][RunMessage] Error: Channel closing: too late to send/recv, messages will be lost

1628266875342	geckodriver	INFO	Listening on 127.0.0.1:51564
1628266878370	mozrunner::runner	INFO	Running command: "C:\\Program Files\\Mozilla Firefox\\firefox.exe" "--marionette" "-foreground" "-no-remote" "-profile" "C:\\Users\\SHAYAN~1\\AppData\\Local\\Temp\\rust_mozprofilezIpIFd"
1628266878899	Marionette	INFO	Marionette enabled
console.warn: SearchSettings: "get: No settings file exists, new profile?" (new NotFoundError("Could not open the file at C:\\Users\\Shayan Saha\\AppData\\Local\\Temp\\rust_mozprofilezIpIFd\\search.json.mozlz4", (void 0)))
1628266882624	Marionette	INFO	Listening on port 57923
1628266882667	Marionette	WARN	TLS certificate errors will be ignored for this session
JavaScript error: resource://gre/actors/AutoCompleteChild.jsm, line 125: Error: Invalid autocomplete selectedIndex
JavaScript error: resource://gre/actors/AutoCompleteChild.jsm, line 125: Error: Invalid autocomplete selectedIndex
console.error: services.settings: 
  main/doh-providers Signature failed  InvalidSignatureError: Invalid content signature (main/doh-providers)
console.error: services.settings: 
  main/doh-providers local data was corrupted
console.warn: services.settings: main/doh-providers Signature verified failed. Retry from scratch
console.error: services.settings: 
  main/doh-config Signature failed  InvalidSignatureError: Invalid content signature (main/doh-config)
console.error: services.settings: 
  main/doh-config local data was corrupted
console.warn: services.settings: main/doh-config Signature verified failed. Retry from scratch
console.log: WebExtensions: reset-default-search: starting.
console.log: WebExtensions: reset-default-search: No addons in our list are installed.
1628267715171	Marionette	INFO	Stopped listening on port 57923

###!!! [Child][RunMessage] Error: Channel closing: too late to send/recv, messages will be lost

enabled
console.warn: SearchSettings: "get: No settings file exists, new profile?" (new NotFoundError("Could not open the file at C:\\Users\\Shayan Saha\\AppData\\Local\\Temp\\rust_mozprofile56bIQ5\\search.json.mozlz4", (void 0)))
1628266990463	Marionette	INFO	Listening on port 62299
1628266990906	Marionette	WARN	TLS certificate errors will be ignored for this session
1628267004682	Marionette	INFO	Stopped listening on port 62299

###!!! [Child][MessageChannel] Error: (msgtype=0x590004,name=PHttpChannel::Msg_Cancel) Channel closing: too late to send/recv, messages will be lost


###!!! [Parent][MessageChannel] Error: (msgtype=0x390079,name=PContent::Msg_DestroyBrowsingContextGroup) Closed channel: cannot send/recv


###!!! [Child][MessageChannel] Error: (msgtype=0x590008,name=PHttpChannel::Msg_DeletingChannel) Channel closing: too late to send/recv, messages will be lost


###!!! [Child][RunMessage] Error: Channel closing: too late to send/recv, messages will be lost

1628267170998	geckodriver	INFO	Listening on 127.0.0.1:61511
1628267174036	mozrunner::runner	INFO	Running command: "C:\\Program Files\\Mozilla Firefox\\firefox.exe" "--marionette" "-foreground" "-no-remote" "-profile" "C:\\Users\\SHAYAN~1\\AppData\\Local\\Temp\\rust_mozprofileyfwCKO"
1628267174565	Marionette	INFO	Marionette enabled
console.warn: SearchSettings: "get: No settings file exists, new profile?" (new NotFoundError("Could not open the file at C:\\Users\\Shayan Saha\\AppData\\Local\\Temp\\rust_mozprofileyfwCKO\\search.json.mozlz4", (void 0)))
1628267178136	Marionette	INFO	Listening on port 61500
1628267178229	Marionette	WARN	TLS certificate errors will be ignored for this session
console.error: services.settings: 
  main/doh-providers Signature failed  InvalidSignatureError: Invalid content signature (main/doh-providers)
console.error: services.settings: 
  main/doh-providers local data was corrupted
console.warn: services.settings: main/doh-providers Signature verified failed. Retry from scratch
console.error: services.settings: 
  main/doh-config Signature failed  InvalidSignatureError: Invalid content signature (main/doh-config)
console.error: services.settings: 
  main/doh-config local data was corrupted
console.warn: services.settings: main/doh-config Signature verified failed. Retry from scratch
console.log: WebExtensions: reset-default-search: starting.
console.log: WebExtensions: reset-default-search: No addons in our list are installed.
1628267712829	Marionette	INFO	Stopped listening on port 61500

###!!! [Child][RunMessage] Error: Channel closing: too late to send/recv, messages will be lost

